<?xml version="1.0" encoding="UTF-8"?>
<!-- Generated by org.testng.reporters.JUnitXMLReporter -->
<testsuite ignored="0" hostname="WINDOWS-BF3G247" failures="0" tests="3" name="Test" time="33.943" errors="0" timestamp="2020-08-24T00:31:26 IST">
  <testcase classname="com.crm.qa.TestCases.LoginPageTest" name="test" time="0.636"/>
  <testcase classname="com.crm.qa.TestCases.HomePageTest" name="companiesClick" time="2.081"/>
  <testcase classname="com.crm.qa.TestCases.HomePageTest" name="dealsClick" time="2.197"/>
</testsuite> <!-- Test -->
